{"/home/faviles11/projects/devsecops-demo/src/app.ts": {"path":"/home/faviles11/projects/devsecops-demo/src/app.ts","statementMap":{"0":{"start":{"line":1,"column":0},"end":{"line":1,"column":80}},"1":{"start":{"line":2,"column":0},"end":{"line":2,"column":45}},"2":{"start":{"line":4,"column":25},"end":{"line":4,"column":34}},"3":{"start":{"line":29,"column":9},"end":{"line":29,"column":12}},"4":{"start":{"line":6,"column":0},"end":{"line":6,"column":24}},"5":{"start":{"line":7,"column":0},"end":{"line":7,"column":48}},"6":{"start":{"line":10,"column":0},"end":{"line":12,"column":3}},"7":{"start":{"line":11,"column":2},"end":{"line":11,"column":78}},"8":{"start":{"line":15,"column":0},"end":{"line":15,"column":35}},"9":{"start":{"line":18,"column":0},"end":{"line":20,"column":3}},"10":{"start":{"line":19,"column":2},"end":{"line":19,"column":47}},"11":{"start":{"line":24,"column":0},"end":{"line":27,"column":3}},"12":{"start":{"line":25,"column":2},"end":{"line":25,"column":27}},"13":{"start":{"line":26,"column":2},"end":{"line":26,"column":59}}},"fnMap":{"0":{"name":"(anonymous_1)","decl":{"start":{"line":10,"column":19},"end":{"line":10,"column":20}},"loc":{"start":{"line":10,"column":52},"end":{"line":12,"column":1}}},"1":{"name":"(anonymous_2)","decl":{"start":{"line":18,"column":8},"end":{"line":18,"column":9}},"loc":{"start":{"line":18,"column":41},"end":{"line":20,"column":1}}},"2":{"name":"(anonymous_3)","decl":{"start":{"line":24,"column":8},"end":{"line":24,"column":9}},"loc":{"start":{"line":24,"column":74},"end":{"line":27,"column":1}}}},"branchMap":{},"s":{"0":1,"1":1,"2":1,"3":1,"4":1,"5":1,"6":1,"7":1,"8":1,"9":1,"10":1,"11":1,"12":0,"13":0},"f":{"0":1,"1":1,"2":0},"b":{}}
,"/home/faviles11/projects/devsecops-demo/src/server.ts": {"path":"/home/faviles11/projects/devsecops-demo/src/server.ts","statementMap":{"0":{"start":{"line":1,"column":0},"end":{"line":1,"column":28}},"1":{"start":{"line":3,"column":13},"end":{"line":3,"column":69}},"2":{"start":{"line":6,"column":0},"end":{"line":8,"column":3}},"3":{"start":{"line":7,"column":2},"end":{"line":7,"column":48}}},"fnMap":{"0":{"name":"(anonymous_0)","decl":{"start":{"line":6,"column":28},"end":{"line":6,"column":31}},"loc":{"start":{"line":6,"column":33},"end":{"line":8,"column":1}}}},"branchMap":{"0":{"loc":{"start":{"line":3,"column":13},"end":{"line":3,"column":69}},"type":"cond-expr","locations":[{"start":{"line":3,"column":32},"end":{"line":3,"column":62}},{"start":{"line":3,"column":65},"end":{"line":3,"column":69}}]}},"s":{"0":0,"1":0,"2":0,"3":0},"f":{"0":0},"b":{"0":[0,0]}}
,"/home/faviles11/projects/devsecops-demo/src/routes/items.ts": {"path":"/home/faviles11/projects/devsecops-demo/src/routes/items.ts","statementMap":{"0":{"start":{"line":1,"column":0},"end":{"line":1,"column":52}},"1":{"start":{"line":10,"column":22},"end":{"line":13,"column":2}},"2":{"start":{"line":14,"column":13},"end":{"line":14,"column":14}},"3":{"start":{"line":16,"column":15},"end":{"line":16,"column":23}},"4":{"start":{"line":55,"column":19},"end":{"line":55,"column":30}},"5":{"start":{"line":19,"column":0},"end":{"line":21,"column":3}},"6":{"start":{"line":20,"column":2},"end":{"line":20,"column":34}},"7":{"start":{"line":24,"column":0},"end":{"line":31,"column":3}},"8":{"start":{"line":25,"column":13},"end":{"line":25,"column":40}},"9":{"start":{"line":26,"column":15},"end":{"line":26,"column":45}},"10":{"start":{"line":26,"column":33},"end":{"line":26,"column":44}},"11":{"start":{"line":27,"column":2},"end":{"line":29,"column":3}},"12":{"start":{"line":28,"column":4},"end":{"line":28,"column":67}},"13":{"start":{"line":30,"column":2},"end":{"line":30,"column":40}},"14":{"start":{"line":34,"column":0},"end":{"line":42,"column":3}},"15":{"start":{"line":35,"column":32},"end":{"line":35,"column":83}},"16":{"start":{"line":36,"column":2},"end":{"line":38,"column":3}},"17":{"start":{"line":37,"column":4},"end":{"line":37,"column":63}},"18":{"start":{"line":39,"column":24},"end":{"line":39,"column":78}},"19":{"start":{"line":40,"column":2},"end":{"line":40,"column":22}},"20":{"start":{"line":41,"column":2},"end":{"line":41,"column":49}},"21":{"start":{"line":45,"column":0},"end":{"line":53,"column":3}},"22":{"start":{"line":46,"column":13},"end":{"line":46,"column":40}},"23":{"start":{"line":47,"column":16},"end":{"line":47,"column":51}},"24":{"start":{"line":47,"column":39},"end":{"line":47,"column":50}},"25":{"start":{"line":48,"column":2},"end":{"line":50,"column":3}},"26":{"start":{"line":49,"column":4},"end":{"line":49,"column":67}},"27":{"start":{"line":51,"column":2},"end":{"line":51,"column":25}},"28":{"start":{"line":52,"column":2},"end":{"line":52,"column":32}}},"fnMap":{"0":{"name":"(anonymous_0)","decl":{"start":{"line":19,"column":16},"end":{"line":19,"column":17}},"loc":{"start":{"line":19,"column":49},"end":{"line":21,"column":1}}},"1":{"name":"(anonymous_1)","decl":{"start":{"line":24,"column":19},"end":{"line":24,"column":20}},"loc":{"start":{"line":24,"column":51},"end":{"line":31,"column":1}}},"2":{"name":"(anonymous_2)","decl":{"start":{"line":26,"column":26},"end":{"line":26,"column":27}},"loc":{"start":{"line":26,"column":33},"end":{"line":26,"column":44}}},"3":{"name":"(anonymous_3)","decl":{"start":{"line":34,"column":17},"end":{"line":34,"column":18}},"loc":{"start":{"line":34,"column":49},"end":{"line":42,"column":1}}},"4":{"name":"(anonymous_4)","decl":{"start":{"line":45,"column":22},"end":{"line":45,"column":23}},"loc":{"start":{"line":45,"column":54},"end":{"line":53,"column":1}}},"5":{"name":"(anonymous_5)","decl":{"start":{"line":47,"column":32},"end":{"line":47,"column":33}},"loc":{"start":{"line":47,"column":39},"end":{"line":47,"column":50}}}},"branchMap":{"0":{"loc":{"start":{"line":27,"column":2},"end":{"line":29,"column":3}},"type":"if","locations":[{"start":{"line":27,"column":2},"end":{"line":29,"column":3}}]},"1":{"loc":{"start":{"line":36,"column":2},"end":{"line":38,"column":3}},"type":"if","locations":[{"start":{"line":36,"column":2},"end":{"line":38,"column":3}}]},"2":{"loc":{"start":{"line":39,"column":59},"end":{"line":39,"column":76}},"type":"binary-expr","locations":[{"start":{"line":39,"column":59},"end":{"line":39,"column":70}},{"start":{"line":39,"column":74},"end":{"line":39,"column":76}}]},"3":{"loc":{"start":{"line":48,"column":2},"end":{"line":50,"column":3}},"type":"if","locations":[{"start":{"line":48,"column":2},"end":{"line":50,"column":3}}]}},"s":{"0":1,"1":1,"2":1,"3":1,"4":1,"5":1,"6":1,"7":1,"8":2,"9":2,"10":3,"11":2,"12":1,"13":1,"14":1,"15":3,"16":3,"17":1,"18":2,"19":2,"20":2,"21":1,"22":2,"23":2,"24":7,"25":2,"26":1,"27":1,"28":1},"f":{"0":1,"1":2,"2":3,"3":3,"4":2,"5":7},"b":{"0":[1],"1":[1],"2":[2,1],"3":[1]}}
}
