TN:
SF:src/app.ts
FN:10,(anonymous_1)
FN:18,(anonymous_2)
FN:24,(anonymous_3)
FNF:3
FNH:2
FNDA:1,(anonymous_1)
FNDA:1,(anonymous_2)
FNDA:0,(anonymous_3)
DA:1,1
DA:2,1
DA:4,1
DA:6,1
DA:7,1
DA:10,1
DA:11,1
DA:15,1
DA:18,1
DA:19,1
DA:24,1
DA:25,0
DA:26,0
DA:29,1
LF:14
LH:12
BRF:0
BRH:0
end_of_record
TN:
SF:src/server.ts
FN:6,(anonymous_0)
FNF:1
FNH:0
FNDA:0,(anonymous_0)
DA:1,0
DA:3,0
DA:6,0
DA:7,0
LF:4
LH:0
BRDA:3,0,0,0
BRDA:3,0,1,0
BRF:2
BRH:0
end_of_record
TN:
SF:src/routes/items.ts
FN:19,(anonymous_0)
FN:24,(anonymous_1)
FN:26,(anonymous_2)
FN:34,(anonymous_3)
FN:45,(anonymous_4)
FN:47,(anonymous_5)
FNF:6
FNH:6
FNDA:1,(anonymous_0)
FNDA:2,(anonymous_1)
FNDA:3,(anonymous_2)
FNDA:3,(anonymous_3)
FNDA:2,(anonymous_4)
FNDA:7,(anonymous_5)
DA:1,1
DA:10,1
DA:14,1
DA:16,1
DA:19,1
DA:20,1
DA:24,1
DA:25,2
DA:26,3
DA:27,2
DA:28,1
DA:30,1
DA:34,1
DA:35,3
DA:36,3
DA:37,1
DA:39,2
DA:40,2
DA:41,2
DA:45,1
DA:46,2
DA:47,7
DA:48,2
DA:49,1
DA:51,1
DA:52,1
DA:55,1
LF:27
LH:27
BRDA:27,0,0,1
BRDA:36,1,0,1
BRDA:39,2,0,2
BRDA:39,2,1,1
BRDA:48,3,0,1
BRF:5
BRH:5
end_of_record
